0 info it worked if it ends with ok
1 verbose cli [ '/Users/tnrich/.nvm/versions/node/v5.11.0/bin/node',
1 verbose cli   '/Users/tnrich/.nvm/versions/node/v5.11.0/bin/npm',
1 verbose cli   'run',
1 verbose cli   'precommit' ]
2 info using npm@3.8.6
3 info using node@v5.11.0
4 verbose run-script [ 'precommit' ]
5 info lifecycle bio-parsers@2.0.0~precommit: bio-parsers@2.0.0
6 verbose lifecycle bio-parsers@2.0.0~precommit: unsafe-perm in lifecycle true
7 verbose lifecycle bio-parsers@2.0.0~precommit: PATH: /Users/tnrich/.nvm/versions/node/v5.11.0/lib/node_modules/npm/bin/node-gyp-bin:/Users/tnrich/Sites/ve-sequence-parsers/node_modules/.bin:/Users/tnrich/.nvm/versions/node/v5.11.0/bin:/Users/tnrich/.nvm/versions/node/v5.11.0/bin:/Applications/GitHub Desktop.app/Contents/Resources/git/bin:/Applications/GitHub Desktop.app/Contents/Resources/git/libexec/git-core:/Applications/GitHub Desktop.app/Contents/Resources/git-lfs/bin:/Applications/GitHub Desktop.app/Contents/Resources/git/bin:/Applications/GitHub Desktop.app/Contents/Resources/git/libexec/git-core:/Applications/GitHub Desktop.app/Contents/Resources/git-lfs/bin:/usr/bin:/bin:/usr/sbin:/sbin
8 verbose lifecycle bio-parsers@2.0.0~precommit: CWD: /Users/tnrich/Sites/ve-sequence-parsers
9 silly lifecycle bio-parsers@2.0.0~precommit: Args: [ '-c', 'npm test' ]
10 silly lifecycle bio-parsers@2.0.0~precommit: Returned: code: 1  signal: null
11 info lifecycle bio-parsers@2.0.0~precommit: Failed to exec precommit script
12 verbose stack Error: bio-parsers@2.0.0 precommit: `npm test`
12 verbose stack Exit status 1
12 verbose stack     at EventEmitter.<anonymous> (/Users/tnrich/.nvm/versions/node/v5.11.0/lib/node_modules/npm/lib/utils/lifecycle.js:239:16)
12 verbose stack     at emitTwo (events.js:100:13)
12 verbose stack     at EventEmitter.emit (events.js:185:7)
12 verbose stack     at ChildProcess.<anonymous> (/Users/tnrich/.nvm/versions/node/v5.11.0/lib/node_modules/npm/lib/utils/spawn.js:24:14)
12 verbose stack     at emitTwo (events.js:100:13)
12 verbose stack     at ChildProcess.emit (events.js:185:7)
12 verbose stack     at maybeClose (internal/child_process.js:850:16)
12 verbose stack     at Process.ChildProcess._handle.onexit (internal/child_process.js:215:5)
13 verbose pkgid bio-parsers@2.0.0
14 verbose cwd /Users/tnrich/Sites/ve-sequence-parsers
15 error Darwin 14.5.0
16 error argv "/Users/tnrich/.nvm/versions/node/v5.11.0/bin/node" "/Users/tnrich/.nvm/versions/node/v5.11.0/bin/npm" "run" "precommit"
17 error node v5.11.0
18 error npm  v3.8.6
19 error code ELIFECYCLE
20 error bio-parsers@2.0.0 precommit: `npm test`
20 error Exit status 1
21 error Failed at the bio-parsers@2.0.0 precommit script 'npm test'.
21 error Make sure you have the latest version of node.js and npm installed.
21 error If you do, this is most likely a problem with the bio-parsers package,
21 error not with npm itself.
21 error Tell the author that this fails on your system:
21 error     npm test
21 error You can get information on how to open an issue for this project with:
21 error     npm bugs bio-parsers
21 error Or if that isn't available, you can get their info via:
21 error     npm owner ls bio-parsers
21 error There is likely additional logging output above.
22 verbose exit [ 1, true ]
